<?xml version="1.0" encoding="UTF-8"?>
<!-- Generated by org.testng.reporters.JUnitReportReporter -->
<testsuite hostname="LAPTOP-9T96KVR7" failures="0" tests="2" name="org.hemakumar.eCommerce_tc_2" time="24.578" errors="0" timestamp="2023-07-08T02:47:58 BST" skipped="0">
  <testcase classname="org.hemakumar.eCommerce_tc_2" name="FillFormErrorValidation" time="11.387"/>
  <system-out/>
  <testcase classname="org.hemakumar.eCommerce_tc_2" name="FillForm_PositiveFlow" time="13.191"/>
  <system-out/>
</testsuite> <!-- org.hemakumar.eCommerce_tc_2 -->
