<?xml version="1.0" encoding="UTF-8"?>
<!-- Generated by org.testng.reporters.JUnitReportReporter -->
<testsuite hostname="Hemakumars-MBP.home" failures="0" tests="1" name="org.hemakumar.eCommerce_tc_4_Hybrid" time="27.099" errors="0" timestamp="2023-07-06T23:17:57 BST" skipped="0">
  <testcase classname="org.hemakumar.eCommerce_tc_4_Hybrid" name="FillForm" time="27.099"/>
</testsuite> <!-- org.hemakumar.eCommerce_tc_4_Hybrid -->
